<?xml version="1.0" encoding="UTF-8"?>
<coverage generated="1773845886393" clover="3.2.0">
  <project timestamp="1773845886393" name="All files">
    <metrics statements="1" coveredstatements="1" conditionals="0" coveredconditionals="0" methods="2" coveredmethods="2" elements="3" coveredelements="3" complexity="0" loc="1" ncloc="1" packages="1" files="1" classes="1"/>
    <file name="sort.js" path="C:\Users\khomc\OneDrive\Рабочий стол\HW\HW4\sort-heroes\src\js\sort.js">
      <metrics statements="1" coveredstatements="1" conditionals="0" coveredconditionals="0" methods="2" coveredmethods="2"/>
      <line num="2" count="5" type="stmt"/>
    </file>
  </project>
</coverage>
