{"C:\\Users\\khomc\\OneDrive\\Рабочий стол\\HW\\HW4\\sort-heroes\\src\\js\\sort.js": {"path":"C:\\Users\\khomc\\OneDrive\\Рабочий стол\\HW\\HW4\\sort-heroes\\src\\js\\sort.js","statementMap":{"0":{"start":{"line":2,"column":2},"end":{"line":2,"column":57}},"1":{"start":{"line":2,"column":36},"end":{"line":2,"column":55}}},"fnMap":{"0":{"name":"sortHeroesByHealth","decl":{"start":{"line":1,"column":24},"end":{"line":1,"column":42}},"loc":{"start":{"line":1,"column":51},"end":{"line":3,"column":1}},"line":1},"1":{"name":"(anonymous_1)","decl":{"start":{"line":2,"column":26},"end":{"line":2,"column":27}},"loc":{"start":{"line":2,"column":36},"end":{"line":2,"column":55}},"line":2}},"branchMap":{},"s":{"0":4,"1":5},"f":{"0":4,"1":5},"b":{},"_coverageSchema":"1a1c01bbd47fc00a2c39e90264f33305004495a9","hash":"cfc5a7d13c2a03f791cf744fe450a144f83bfbcc"}
}
